[backblue.gif]
[fade.gif]
[index.html]
[geocities.live/img/test/computer.gif]
[geocities.live/manifest.json]
[geocities.live/img/geocities_live_og.png]
[geocities.live/img/microfab.gif]
[geocities.live/img/flames.gif]
[geocities.live/img/test/hot.gif]
[geocities.live/img/test/yahooweek.gif]
[geocities.live/img/test/new.gif]
[geocities.live/img/test/ie_logo.gif]
[geocities.live/img/test/new2.gif]
[geocities.live/img/progress.gif]
[geocities.live/img/test/computer-01.gif]
[geocities.live/img/test/notepad.gif]
[geocities.live/img/test/webtrips.gif]
[geocities.live/img/test/community.gif]
[geocities.live/img/test/counter.gif]
[geocities.live/index.html]
